     1                                  BOOT_LOAD equ 0x7c00
     2                                  ORG BOOT_LOAD
     3                                  
     4                                  %include "./src/include/macro.asm"
     1                              <1> %macro cdecl 1-*.nolist
     2                              <1> 	%rep %0 - 1
     3                              <1> 		push %{-1:-1}
     4                              <1> 		%rotate -1
     5                              <1> 	%endrep
     6                              <1> 	%rotate -1
     7                              <1> 		call %1
     8                              <1> 	%if 1 < %0
     9                              <1> 		add sp, (__BITS__ >> 3) * (%0 - 1)
    10                              <1> 	%endif
    11                              <1> %endmacro
     5                                  
     6                                  entry:
     7 00000000 EB58                    	jmp ipl
     8 00000002 90<rept>                	times 90 - ($ - $$) db 0x90
     9                                  ipl:
    10 0000005A FA                      	cli
    11                                  
    12 0000005B B80000                  	mov ax, 0x0000
    13 0000005E 8ED8                    	mov ds, ax
    14 00000060 8EC0                    	mov es, ax
    15 00000062 8ED0                    	mov ss, ax
    16 00000064 BC007C                  	mov sp, BOOT_LOAD
    17                                  
    18 00000067 FB                      	sti
    19                                  
    20 00000068 8816[4801]              	mov [BOOT.DRIVE], dl
    21                                  
    22 0000006C 68[3001]E8D80083C4-     	cdecl puts, .s0
    22 00000074 02                 
    23                                  
    24 00000075 6A016A0A6A0868-         	cdecl itoa, 8086, .s1, 8, 10, 0b0001
    24 0000007C [3D01]68961FE8E500-
    24 00000084 83C40A             
    25 00000087 68[3D01]E8BD0083C4-     	cdecl puts, .s1
    25 0000008F 02                 
    26                                  
    27 00000090 6A036A0A6A0868-         	cdecl itoa, 8086, .s1, 8, 10, 0b0011
    27 00000097 [3D01]68961FE8CA00-
    27 0000009F 83C40A             
    28 000000A2 68[3D01]E8A20083C4-     	cdecl puts, .s1
    28 000000AA 02                 
    29                                  
    30 000000AB 6A016A0A6A0868-         	cdecl itoa, -8086, .s1, 8, 10, 0b0001
    30 000000B2 [3D01]686AE0E8AF00-
    30 000000BA 83C40A             
    31 000000BD 68[3D01]E8870083C4-     	cdecl puts, .s1
    31 000000C5 02                 
    32                                  
    33 000000C6 6A016A0A6A0868-         	cdecl itoa, -1, .s1, 8, 10, 0b0001
    33 000000CD [3D01]6AFFE8950083-
    33 000000D5 C40A               
    34 000000D7 68[3D01]E86D0083C4-     	cdecl puts, .s1
    34 000000DF 02                 
    35                                  
    36 000000E0 6A006A0A6A0868-         	cdecl itoa, -1, .s1, 8, 10, 0b0000
    36 000000E7 [3D01]6AFFE87B0083-
    36 000000EF C40A               
    37 000000F1 68[3D01]E8530083C4-     	cdecl puts, .s1
    37 000000F9 02                 
    38                                  
    39 000000FA 6A006A106A0868-         	cdecl itoa, -1, .s1, 8, 16, 0b0000
    39 00000101 [3D01]6AFFE8610083-
    39 00000109 C40A               
    40 0000010B 68[3D01]E8390083C4-     	cdecl puts, .s1
    40 00000113 02                 
    41                                  
    42 00000114 6A046A026A0868-         	cdecl itoa, 12, .s1, 8, 2, 0b0100
    42 0000011B [3D01]6A0CE8470083-
    42 00000123 C40A               
    43 00000125 68[3D01]E81F0083C4-     	cdecl puts, .s1
    43 0000012D 02                 
    44                                  
    45 0000012E EBFE                    	jmp $
    46                                  
    47 00000130 426F6F74696E672E2E-     .s0	db "Booting...", 0x0A, 0x0D, 0
    47 00000139 2E0A0D00           
    48 0000013D 2D2D2D2D2D2D2D2D0A-     .s1	db "--------", 0x0A, 0x0D, 0
    48 00000146 0D00               
    49                                  
    50                                  ALIGN 2, db 0
    51                                  BOOT:
    52 00000148 0000                    .DRIVE: dw 0
    53                                  
    54                                  %include "./src/modules/real/puts.asm"
     1                              <1> puts:
     2 0000014A 55                  <1> 	push bp
     3 0000014B 89E5                <1> 	mov bp, sp
     4                              <1> 
     5 0000014D 50                  <1> 	push ax
     6 0000014E 53                  <1> 	push bx
     7 0000014F 56                  <1> 	push si
     8                              <1> 
     9 00000150 8B7604              <1> 	mov si, [bp + 4]
    10                              <1> 
    11 00000153 B40E                <1> 	mov ah, 0x0E
    12 00000155 BB0000              <1> 	mov bx, 0x0000
    13 00000158 FC                  <1> 	cld
    14                              <1> 
    15                              <1> .10L:
    16 00000159 AC                  <1> 	lodsb
    17 0000015A 3C00                <1> 	cmp al, 0
    18 0000015C 7404                <1> 	je .10E
    19 0000015E CD10                <1> 	int 0x10
    20 00000160 EBF7                <1> 	jmp .10L
    21                              <1> 
    22                              <1> .10E:
    23 00000162 5E                  <1> 	pop si
    24 00000163 5B                  <1> 	pop bx
    25 00000164 58                  <1> 	pop ax
    26                              <1> 
    27 00000165 89EC                <1> 	mov sp, bp
    28 00000167 5D                  <1> 	pop bp
    29                              <1> 
    30 00000168 C3                  <1> 	ret
    55                                  %include "./src/modules/real/itoa.asm"
     1                              <1> itoa:
     2 00000169 55                  <1> 	push bp
     3 0000016A 89E5                <1> 	mov bp, sp
     4                              <1> 
     5 0000016C 50                  <1> 	push ax
     6 0000016D 53                  <1> 	push bx
     7 0000016E 51                  <1> 	push cx
     8 0000016F 52                  <1> 	push dx
     9 00000170 56                  <1> 	push si
    10 00000171 57                  <1> 	push di
    11                              <1> 
    12 00000172 8B4604              <1> 	mov ax, [bp + 4]
    13 00000175 8B7606              <1> 	mov si, [bp + 6]
    14 00000178 8B4E08              <1> 	mov cx, [bp + 8]
    15                              <1> 
    16 0000017B 89F7                <1> 	mov di, si
    17 0000017D 01CF                <1> 	add di, cx
    18 0000017F 4F                  <1> 	dec di
    19                              <1> 
    20 00000180 8B5E0C              <1> 	mov bx, word [bp + 12]
    21                              <1> 
    22 00000183 F7C30100            <1> 	test bx, 0b0001
    23                              <1> .10Q:
    24 00000187 7408                <1> 	je .10E
    25 00000189 83F800              <1> 	cmp ax, 0
    26                              <1> .12Q:
    27 0000018C 7D03                <1> 	jge .12E
    28 0000018E 83CB02              <1> 	or bx, 0b0010
    29                              <1> .12E:
    30                              <1> .10E:
    31 00000191 F7C30200            <1> 	test bx, 0b0010
    32                              <1> .20Q:
    33 00000195 7410                <1> 	je .20E
    34 00000197 83F800              <1> 	cmp ax, 0
    35                              <1> .22Q:
    36 0000019A 7D07                <1> 	jge .22F
    37 0000019C F7D8                <1> 	neg ax
    38 0000019E C6042D              <1> 	mov [si], byte '-'
    39 000001A1 EB03                <1> 	jmp .22E
    40                              <1> .22F:
    41 000001A3 C6042B              <1> 	mov [si], byte '+'
    42                              <1> .22E:
    43 000001A6 49                  <1> 	dec cx
    44                              <1> .20E:
    45 000001A7 8B5E0A              <1> 	mov bx, [bp + 10]
    46                              <1> .30L:
    47 000001AA BA0000              <1> 	mov dx, 0
    48 000001AD F7F3                <1> 	div bx
    49                              <1> 
    50 000001AF 89D6                <1> 	mov si, dx
    51 000001B1 8A94[D901]          <1> 	mov dl, byte [.ascii + si]
    52                              <1> 
    53 000001B5 8815                <1> 	mov [di], dl
    54 000001B7 4F                  <1> 	dec di
    55                              <1> 
    56 000001B8 83F800              <1> 	cmp ax, 0
    57 000001BB E0ED                <1> 	loopnz .30L
    58                              <1> .30E:
    59 000001BD 83F900              <1> 	cmp cx, 0
    60                              <1> .40Q:
    61 000001C0 740D                <1> 	je .40E
    62 000001C2 B020                <1> 	mov al, ' '
    63 000001C4 837E0C04            <1> 	cmp [bp + 12], word 0b0100
    64                              <1> .42Q:
    65 000001C8 7502                <1> 	jne .42E
    66 000001CA B030                <1> 	mov al, '0'
    67                              <1> .42E:
    68 000001CC FD                  <1> 	std
    69 000001CD F3AA                <1> 	rep stosb
    70                              <1> .40E:
    71 000001CF 5F                  <1> 	pop di
    72 000001D0 5E                  <1> 	pop si
    73 000001D1 5A                  <1> 	pop dx
    74 000001D2 59                  <1> 	pop cx
    75 000001D3 5B                  <1> 	pop bx
    76 000001D4 58                  <1> 	pop ax
    77                              <1> 
    78 000001D5 89EC                <1> 	mov sp, bp
    79 000001D7 5D                  <1> 	pop bp
    80                              <1> 
    81 000001D8 C3                  <1> 	ret
    82                              <1> 
    83 000001D9 303132333435363738- <1> .ascii db '0123456789ABCDEF'
    83 000001E2 39414243444546      <1>
    56                                  
    57 000001E9 00<rept>                	times 510 - ($ - $$) db 0x00
    58 000001FE 55AA                    	db 0x55, 0xAA
