     1                                  BOOT_LOAD equ 0x7C00 ; ブートプログラムのロード位置
     2                                  ORG BOOT_LOAD ; ロードアドレスをアセンブラに指示する
     3                                  
     4                                  entry:
     5 00000000 EB58                    	jmp ipl; IPLへジャンプ
     6 00000002 90<rept>                	times 90 - ($ - $$) db 0x90
     7                                  
     8                                  ipl:
     9 0000005A FA                      	cli ; 割り込み禁止
    10 0000005B B80000                  	mov ax, 0x0000; AX = 0x0000
    11 0000005E 8ED8                    	mov ds, ax; DS = 0x0000
    12 00000060 8EC0                    	mov es, ax; ES = 0x0000
    13 00000062 8ED0                    	mov ss, ax; SS = 0x0000
    14 00000064 BC007C                  	mov sp, BOOT_LOAD; SP = 0x7C00
    15                                  
    16 00000067 FB                      	sti ; 割り込み許可
    17 00000068 8816[7800]              	mov [BOOT.DRIVE], dl ; ブートドライブを保存
    18                                  
    19 0000006C B041                    	mov al, 'A' ; 出力文字
    20 0000006E B40E                    	mov ah, 0x0E ; テレタイプ式1文字出力
    21 00000070 BB0000                  	mov bx, 0x0000 ; ページ番号と文字色を0に設定
    22 00000073 CD10                    	int 0x10 ; ビデオBIOSコール
    23                                  
    24 00000075 EBFE                    	jmp $ ; 無限ループ
    25 00000077 00                      ALIGN 2, db 0
    26                                  BOOT:
    27 00000078 0000                    .DRIVE: dw 0
    28 0000007A 00<rept>                	times 510 - ($ - $$) db 0x00
    29 000001FE 55AA                    	db 0x55, 0xAA
