     1                                  BOOT_LOAD equ 0x7C00 ; ブートプログラムのロード位置
     2                                  ORG BOOT_LOAD ; ロードアドレスをアセンブラに指示する
     3                                  
     4                                  %include "./src/include/macro.asm"
     1                              <1> %macro cdecl 1-*.nolist
     2                              <1> 	%rep %0 - 1
     3                              <1> 		push %{-1:-1}
     4                              <1> 		%rotate -1
     5                              <1> 	%endrep
     6                              <1> 	%rotate -1
     7                              <1> 		call %1
     8                              <1> 	%if 1 < %0
     9                              <1> 		add sp, (__BITS__ >> 3) * (%0 - 1)
    10                              <1> 	%endif
    11                              <1> %endmacro
     5                                  
     6                                  entry:
     7 00000000 EB58                    	jmp ipl; IPLへジャンプ
     8 00000002 90<rept>                	times 90 - ($ - $$) db 0x90
     9                                  
    10                                  ipl:
    11 0000005A FA                      	cli ; 割り込み禁止
    12 0000005B B80000                  	mov ax, 0x0000; AX = 0x0000
    13 0000005E 8ED8                    	mov ds, ax; DS = 0x0000
    14 00000060 8EC0                    	mov es, ax; ES = 0x0000
    15 00000062 8ED0                    	mov ss, ax; SS = 0x0000
    16 00000064 BC007C                  	mov sp, BOOT_LOAD; SP = 0x7C00
    17                                  
    18 00000067 FB                      	sti ; 割り込み許可
    19 00000068 8816[8600]              	mov [BOOT.DRIVE], dl ; ブートドライブを保存
    20                                  
    21 0000006C 6A58E8170083C402        	cdecl putc, word 'X'
    22 00000074 6A59E80F0083C402        	cdecl putc, word 'Y'
    23 0000007C 6A5AE8070083C402        	cdecl putc, word 'Z'
    24                                  
    25 00000084 EBFE                    	jmp $ ; 無限ループ
    26                                  
    27                                  ALIGN 2, db 0
    28                                  BOOT:
    29 00000086 0000                    .DRIVE: dw 0
    30                                  
    31                                  %include "./src/modules/real/putc.asm"
     1                              <1> putc:
     2 00000088 55                  <1> 	push bp
     3 00000089 89E5                <1> 	mov bp, sp
     4                              <1> 
     5 0000008B 50                  <1> 	push ax
     6 0000008C 53                  <1> 	push bx
     7                              <1> 
     8 0000008D 8A4604              <1> 	mov al, [bp+4]
     9 00000090 B40E                <1> 	mov ah, 0x0E
    10 00000092 BB0000              <1> 	mov bx, 0x0000
    11 00000095 CD10                <1> 	int 0x10
    12                              <1> 
    13 00000097 5B                  <1> 	pop bx
    14 00000098 58                  <1> 	pop ax
    15                              <1> 
    16 00000099 89EC                <1> 	mov sp, bp
    17 0000009B 5D                  <1> 	pop bp
    18                              <1> 
    19 0000009C C3                  <1> 	ret
    32                                  
    33 0000009D 00<rept>                	times 510 - ($ - $$) db 0x00
    34 000001FE 55AA                    	db 0x55, 0xAA
    35                                  
