     1                                  BOOT_LOAD equ 0x7C00 ; ブートプログラムのロード位置
     2                                  ORG BOOT_LOAD ; ロードアドレスをアセンブラに指示する
     3                                  
     4                                  %include "./src/include/macro.asm"
     1                              <1> %macro cdecl 1-*.nolist
     2                              <1> 	%rep %0 - 1
     3                              <1> 		push %{-1:-1}
     4                              <1> 		%rotate -1
     5                              <1> 	%endrep
     6                              <1> 	%rotate -1
     7                              <1> 		call %1
     8                              <1> 	%if 1 < %0
     9                              <1> 		add sp, (__BITS__ >> 3) * (%0 - 1)
    10                              <1> 	%endif
    11                              <1> %endmacro
     5                                  
     6                                  entry:
     7 00000000 EB58                    	jmp ipl; IPLへジャンプ
     8 00000002 90<rept>                	times 90 - ($ - $$) db 0x90
     9                                  
    10                                  ipl:
    11 0000005A FA                      	cli ; 割り込み禁止
    12 0000005B B80000                  	mov ax, 0x0000; AX = 0x0000
    13 0000005E 8ED8                    	mov ds, ax; DS = 0x0000
    14 00000060 8EC0                    	mov es, ax; ES = 0x0000
    15 00000062 8ED0                    	mov ss, ax; SS = 0x0000
    16 00000064 BC007C                  	mov sp, BOOT_LOAD; SP = 0x7C00
    17                                  
    18 00000067 FB                      	sti ; 割り込み許可
    19 00000068 8816[8400]              	mov [BOOT.DRIVE], dl ; ブートドライブを保存
    20                                  
    21 0000006C 68[7700]E8140083C4-     	cdecl puts, .s0
    21 00000074 02                 
    22                                  
    23 00000075 EBFE                    	jmp $ ; 無限ループ
    24                                  
    25 00000077 426F6F74696E672E2E-     .s0 db "Booting...", 0x0A, 0x0D, 0
    25 00000080 2E0A0D00           
    26                                  
    27                                  ALIGN 2, db 0
    28                                  BOOT:
    29 00000084 0000                    .DRIVE: dw 0
    30                                  
    31                                  %include "./src/modules/real/puts.asm"
     1                              <1> puts:
     2 00000086 55                  <1> 	push bp
     3 00000087 89E5                <1> 	mov bp, sp
     4                              <1> 
     5 00000089 50                  <1> 	push ax
     6 0000008A 53                  <1> 	push bx
     7 0000008B 56                  <1> 	push si
     8                              <1> 
     9 0000008C 8B7604              <1> 	mov si, [bp + 4]
    10                              <1> 
    11 0000008F B40E                <1> 	mov ah, 0x0E
    12 00000091 BB0000              <1> 	mov bx, 0x0000
    13 00000094 FC                  <1> 	cld
    14                              <1> 
    15                              <1> .10L:
    16 00000095 AC                  <1> 	lodsb
    17 00000096 3C00                <1> 	cmp al, 0
    18 00000098 7404                <1> 	je .10E
    19 0000009A CD10                <1> 	int 0x10
    20 0000009C EBF7                <1> 	jmp .10L
    21                              <1> 
    22                              <1> .10E:
    23 0000009E 5E                  <1> 	pop si
    24 0000009F 5B                  <1> 	pop bx
    25 000000A0 58                  <1> 	pop ax
    26                              <1> 
    27 000000A1 89EC                <1> 	mov sp, bp
    28 000000A3 5D                  <1> 	pop bp
    29                              <1> 
    30 000000A4 C3                  <1> 	ret
    32                                  
    33 000000A5 00<rept>                	times 510 - ($ - $$) db 0x00
    34 000001FE 55AA                    	db 0x55, 0xAA
    35                                  
